Sat, 29 Jul 2017 02:34:58 _internal.py[line:87] WARNING  * Debugger is active!
Sat, 29 Jul 2017 02:34:58 _internal.py[line:87] INFO  * Debugger pin code: 207-132-477
Sat, 29 Jul 2017 02:35:58 _internal.py[line:87] INFO  * Detected change in '/Users/dengxiangyu/dengxiSat, 29 Jul 2017 02:35:58 _internal.py[line:87] INFO  * Restarting with stat
Sat, 29 Jul 2017 02:37:18 _internal.py[line:87] INFO  * Restarting with stat
Sat, 29 Jul 2017 02:45:41 _internal.py[line:87] INFO  * Restarting with stat
Sat, 29 Jul 2017 02:45:45 _internal.py[line:87] INFO  * Restarting with stat
Sat, 29 Jul 2017 02:45:54 _internal.py[line:87] INFO  * Restarting with stat
Sat, 29 Jul 2017 02:59:16 _internal.py[line:87] INFO  * Restarting with stat
/api_v1/user HTTP/1.1" 200 -
Sat, 29 Jul 2017 02:36:49 _internal.py[line:87] INFO 127.0.0.1 - - [29/Jul/2017 02:36:49] "GET /api_v1/user HTTP/1.1" 200 -
Sat, 29 Jul 2017 02:37:18 _internal.py[line:87] INFO  * Detected change in '/Users/dengxiangyu/dengxiangyu/flask/publisher/app/api_v1/user.py', reloading
Sat, 29 Jul 2017 02:37:18 _internal.py[line:87] WARNING  * Debugger is active!
Sat, 29 Jul 2017 02:37:18 _internal.py[line:87] INFO  * Debugger pin code: 207-132-477
Sat, 29 Jul 2017 02:37:27 _internal.py[line:87] INFO 127.0.0.1 - - [29/Jul/2017 02:37:27] "GET /api_v1/user HTTP/1.1" 403 -
Sat, 29 Jul 2017 02:37:28 _internal.py[line:87] INFO 127.0.0.1 - - [29/Jul/2017 02:37:28] "GET /api_v1/user HTTP/1.1" 403 -
Sat, 29 Jul 2017 02:37:29 _internal.py[line:87] INFO 127.0.0.1 - - [29/Jul/2017 02:37:29] "GET /api_v1/user HTTP/1.1" 403 -
Sat, 29 Jul 2017 02:37:30 _internal.py[line:87] INFO 127.0.0.1 - - [29/Jul/2017 02:37:30] "GET /api_v1/user HTTP/1.1" 403 -
Sat, 29 Jul 2017 02:37:31 _internal.py[line:87] INFO 127.0.0.1 - - [29/Jul/2017 02:37:31] "GET /api_v1/user HTTP/1.1" 403 -
Sat, 29 Jul 2017 02:38:31 _internal.py[line:87] INFO 127.0.0.1 - - [29/Jul/2017 02:38:31] "get /api_v1/user HTTP/1.1" 403 -
Sat, 29 Jul 2017 02:38:37 _internal.py[line:87] INFO 127.0.0.1 - - [29/Jul/2017 02:38:37] "GET /api_v1/user HTTP/1.1" 403 -
Sat, 29 Jul 2017 02:45:41 _internal.py[line:87] INFO  * Detected change in '/Users/dengxiangyu/dengxiangyu/flask/publisher/app/models.py', reloading
Sat, 29 Jul 2017 02:45:41 _internal.py[line:87] WARNING  * Debugger is active!
Sat, 29 Jul 2017 02:45:41 _internal.py[line:87] INFO  * Debugger pin code: 207-132-477
Sat, 29 Jul 2017 02:45:45 _internal.py[line:87] INFO  * Detected change in '/Users/dengxiangyu/dengxiangyu/flask/publisher/app/models.py', reloading
Sat, 29 Jul 2017 02:45:45 _internal.py[line:87] WARNING  * Debugger is active!
Sat, 29 Jul 2017 02:45:45 _internal.py[line:87] INFO  * Debugger pin code: 207-132-477
Sat, 29 Jul 2017 02:45:54 _internal.py[line:87] INFO  * Detected change in '/Users/dengxiangyu/dengxiangyu/flask/publisher/app/models.py', reloading
Sat, 29 Jul 2017 02:45:55 _internal.py[line:87] WARNING  * Debugger is active!
Sat, 29 Jul 2017 02:45:55 _internal.py[line:87] INFO  * Debugger pin code: 207-132-477
Sat, 29 Jul 2017 02:59:16 _internal.py[line:87] INFO  * Detected change in '/Users/dengxiangyu/dengxiangyu/flask/publisher/app/models.py', reloading
Sat, 29 Jul 2017 03:04:06 _internal.py[line:87] INFO  * Running on http://127.0.0.1:5000/ (Press CTRL+C to quit)
Sat, 29 Jul 2017 03:04:06 _internal.py[line:87] INFO  * Restarting with stat
Sat, 29 Jul 2017 03:04:06 _internal.py[line:87] WARNING  * Debugger is active!
Sat, 29 Jul 2017 03:04:06 _internal.py[line:87] INFO  * Debugger pin code: 207-132-477
Sat, 29 Jul 2017 03:07:06 _internal.py[line:87] INFO  * Detected change in '/Users/dengxiangyu/dengxiangyu/flask/publisher/app/models.py', reloading
Sat, 29 Jul 2017 03:07:06 _internal.py[line:87] INFO  * Restarting with stat
Sat, 29 Jul 2017 03:07:06 _internal.py[line:87] WARNING  * Debugger is active!
Sat, 29 Jul 2017 03:07:06 _internal.py[line:87] INFO  * Debugger pin code: 207-132-477
Sat, 29 Jul 2017 03:07:17 _internal.py[line:87] INFO  * Running on http://127.0.0.1:5000/ (Press CTRL+C to quit)
Sat, 29 Jul 2017 03:07:17 _internal.py[line:87] INFO  * Restarting with stat
Sat, 29 Jul 2017 03:07:18 _internal.py[line:87] WARNING  * Debugger is active!
Sat, 29 Jul 2017 03:07:18 _internal.py[line:87] INFO  * Debugger pin code: 207-132-477
Sat, 29 Jul 2017 03:08:40 _internal.py[line:87] INFO  * Running on http://127.0.0.1:5000/ (Press CTRL+C to quit)
Sat, 29 Jul 2017 03:08:41 _internal.py[line:87] INFO  * Restarting with stat
Sat, 29 Jul 2017 03:08:41 _internal.py[line:87] WARNING  * Debugger is active!
Sat, 29 Jul 2017 03:08:41 _internal.py[line:87] INFO  * Debugger pin code: 207-132-477
Sat, 29 Jul 2017 03:08:54 _internal.py[line:87] INFO 127.0.0.1 - - [29/Jul/2017 03:08:54] "GET /api_v1/user HTTP/1.1" 403 -
Sat, 29 Jul 2017 03:11:47 _internal.py[line:87] INFO  * Detected change in '/Users/dengxiangyu/dengxiangyu/flask/publisher/app/models.py', reloading
Sat, 29 Jul 2017 03:11:47 _internal.py[line:87] INFO  * Restarting with stat
Sat, 29 Jul 2017 03:11:48 _internal.py[line:87] WARNING  * Debugger is active!
Sat, 29 Jul 2017 03:11:48 _internal.py[line:87] INFO  * Debugger pin code: 207-132-477
Sat, 29 Jul 2017 03:11:52 _internal.py[line:87] INFO  * Detected change in '/Users/dengxiangyu/dengxiangyu/flask/publisher/app/models.py', reloading
Sat, 29 Jul 2017 03:11:52 _internal.py[line:87] INFO  * Restarting with stat
Sat, 29 Jul 2017 03:11:52 _internal.py[line:87] WARNING  * Debugger is active!
Sat, 29 Jul 2017 03:11:52 _internal.py[line:87] INFO  * Debugger pin code: 207-132-477
Sat, 29 Jul 2017 03:11:53 _internal.py[line:87] INFO  * Detected change in '/Users/dengxiangyu/dengxiangyu/flask/publisher/app/models.py', reloading
Sat, 29 Jul 2017 03:11:53 _internal.py[line:87] INFO  * Restarting with stat
Sat, 29 Jul 2017 03:11:53 _internal.py[line:87] WARNING  * Debugger is active!
Sat, 29 Jul 2017 03:11:53 _internal.py[line:87] INFO  * Debugger pin code: 207-132-477
Sat, 29 Jul 2017 03:12:03 _internal.py[line:87] INFO 127.0.0.1 - - [29/Jul/2017 03:12:03] "GET /api_v1/user HTTP/1.1" 403 -
Sat, 29 Jul 2017 03:25:31 _internal.py[line:87] INFO  * Detected change in '/Users/dengxiangyu/dengxiangyu/flask/publisher/app/models.py', reloading
Sat, 29 Jul 2017 03:25:31 _internal.py[line:87] INFO  * Restarting with stat
Sat, 29 Jul 2017 03:25:32 _internal.py[line:87] WARNING  * Debugger is active!
Sat, 29 Jul 2017 03:25:32 _internal.py[line:87] INFO  * Debugger pin code: 207-132-477
Sat, 29 Jul 2017 03:25:36 _internal.py[line:87] INFO 127.0.0.1 - - [29/Jul/2017 03:25:36] "GET /api_v1/user HTTP/1.1" 500 -
Sat, 29 Jul 2017 03:26:10 _internal.py[line:87] INFO  * Detected change in '/Users/dengxiangyu/dengxiangyu/flask/publisher/app/models.py', reloading
Sat, 29 Jul 2017 03:26:10 _internal.py[line:87] INFO  * Restarting with stat
Sat, 29 Jul 2017 03:26:10 _internal.py[line:87] WARNING  * Debugger is active!
Sat, 29 Jul 2017 03:26:10 _internal.py[line:87] INFO  * Debugger pin code: 207-132-477
Sat, 29 Jul 2017 03:26:11 _internal.py[line:87] INFO  * Detected change in '/Users/dengxiangyu/dengxiangyu/flask/publisher/app/models.py', reloading
Sat, 29 Jul 2017 03:26:11 _internal.py[line:87] INFO  * Restarting with stat
Sat, 29 Jul 2017 03:26:12 _internal.py[line:87] WARNING  * Debugger is active!
Sat, 29 Jul 2017 03:26:12 _internal.py[line:87] INFO  * Debugger pin code: 207-132-477
Sat, 29 Jul 2017 03:26:13 _internal.py[line:87] INFO  * Detected change in '/Users/dengxiangyu/dengxiangyu/flask/publisher/app/models.py', reloading
Sat, 29 Jul 2017 03:26:13 _internal.py[line:87] INFO  * Restarting with stat
Sat, 29 Jul 2017 03:26:13 _internal.py[line:87] WARNING  * Debugger is active!
Sat, 29 Jul 2017 03:26:13 _internal.py[line:87] INFO  * Debugger pin code: 207-132-477
Sat, 29 Jul 2017 03:26:16 _internal.py[line:87] INFO 127.0.0.1 - - [29/Jul/2017 03:26:16] "GET /api_v1/user HTTP/1.1" 500 -
Sat, 29 Jul 2017 03:26:36 _internal.py[line:87] INFO  * Detected change in '/Users/dengxiangyu/dengxiangyu/flask/publisher/app/models.py', reloading
Sat, 29 Jul 2017 03:26:36 _internal.py[line:87] INFO  * Restarting with stat
Sat, 29 Jul 2017 03:26:36 _internal.py[line:87] WARNING  * Debugger is active!
Sat, 29 Jul 2017 03:26:36 _internal.py[line:87] INFO  * Debugger pin code: 207-132-477
Sat, 29 Jul 2017 03:26:39 _internal.py[line:87] INFO 127.0.0.1 - - [29/Jul/2017 03:26:39] "GET /api_v1/user HTTP/1.1" 500 -
Sat, 29 Jul 2017 03:29:14 _internal.py[line:87] INFO  * Detected change in '/Users/dengxiangyu/dengxiangyu/flask/publisher/app/models.py', reloading
Sat, 29 Jul 2017 03:29:14 _internal.py[line:87] INFO  * Restarting with stat
Sat, 29 Jul 2017 03:29:14 _internal.py[line:87] WARNING  * Debugger is active!
Sat, 29 Jul 2017 03:29:14 _internal.py[line:87] INFO  * Debugger pin code: 207-132-477
Sat, 29 Jul 2017 03:29:19 _internal.py[line:87] INFO 127.0.0.1 - - [29/Jul/2017 03:29:19] "GET /api_v1/user HTTP/1.1" 403 -
Sat, 29 Jul 2017 03:29:44 _internal.py[line:87] INFO  * Detected change in '/Users/dengxiangyu/dengxiangyu/flask/publisher/app/models.py', reloading
Sat, 29 Jul 2017 03:29:44 _internal.py[line:87] INFO  * Restarting with stat
Sat, 29 Jul 2017 03:29:44 _internal.py[line:87] WARNING  * Debugger is active!
Sat, 29 Jul 2017 03:29:44 _internal.py[line:87] INFO  * Debugger pin code: 207-132-477
Sat, 29 Jul 2017 03:29:46 _internal.py[line:87] INFO  * Detected change in '/Users/dengxiangyu/dengxiangyu/flask/publisher/app/models.py', reloading
Sat, 29 Jul 2017 03:29:46 _internal.py[line:87] INFO  * Restarting with stat
Sat, 29 Jul 2017 03:29:46 _internal.py[line:87] WARNING  * Debugger is active!
Sat, 29 Jul 2017 03:29:46 _internal.py[line:87] INFO  * Debugger pin code: 207-132-477
Sat, 29 Jul 2017 03:29:48 _internal.py[line:87] INFO  * Detected change in '/Users/dengxiangyu/dengxiangyu/flask/publisher/app/models.py', reloading
Sat, 29 Jul 2017 03:29:48 _internal.py[line:87] INFO  * Restarting with stat
Sat, 29 Jul 2017 03:29:49 _internal.py[line:87] WARNING  * Debugger is active!
Sat, 29 Jul 2017 03:29:49 _internal.py[line:87] INFO  * Debugger pin code: 207-132-477
Sat, 29 Jul 2017 03:29:51 _internal.py[line:87] INFO 127.0.0.1 - - [29/Jul/2017 03:29:51] "GET /api_v1/user HTTP/1.1" 500 -
Sat, 29 Jul 2017 03:30:07 _internal.py[line:87] INFO  * Detected change in '/Users/dengxiangyu/dengxiangyu/flask/publisher/app/models.py', reloading
Sat, 29 Jul 2017 03:30:07 _internal.py[line:87] INFO  * Restarting with stat
Sat, 29 Jul 2017 03:30:07 _internal.py[line:87] WARNING  * Debugger is active!
Sat, 29 Jul 2017 03:30:07 _internal.py[line:87] INFO  * Debugger pin code: 207-132-477
Sat, 29 Jul 2017 03:30:18 _internal.py[line:87] INFO 127.0.0.1 - - [29/Jul/2017 03:30:18] "GET /api_v1/user HTTP/1.1" 403 -
Sat, 29 Jul 2017 03:32:17 _internal.py[line:87] INFO  * Detected change in '/Users/dengxiangyu/dengxiangyu/flask/publisher/app/models.py', reloading
Sat, 29 Jul 2017 03:32:17 _internal.py[line:87] INFO  * Restarting with stat
Sat, 29 Jul 2017 03:32:18 _internal.py[line:87] WARNING  * Debugger is active!
Sat, 29 Jul 2017 03:32:18 _internal.py[line:87] INFO  * Debugger pin code: 207-132-477
Sat, 29 Jul 2017 03:34:10 _internal.py[line:87] INFO  * Detected change in '/Users/dengxiangyu/dengxiangyu/flask/publisher/app/models.py', reloading
Sat, 29 Jul 2017 03:34:10 _internal.py[line:87] INFO  * Restarting with stat
Sat, 29 Jul 2017 03:34:10 _internal.py[line:87] WARNING  * Debugger is active!
Sat, 29 Jul 2017 03:34:10 _internal.py[line:87] INFO  * Debugger pin code: 207-132-477
Sat, 29 Jul 2017 03:34:14 _internal.py[line:87] INFO 127.0.0.1 - - [29/Jul/2017 03:34:14] "GET /api_v1/user HTTP/1.1" 200 -
Sat, 29 Jul 2017 03:35:06 _internal.py[line:87] INFO  * Detected change in '/Users/dengxiangyu/dengxiangyu/flask/publisher/app/models.py', reloading
Sat, 29 Jul 2017 03:35:06 _internal.py[line:87] INFO  * Restarting with stat
Sat, 29 Jul 2017 03:35:07 _internal.py[line:87] WARNING  * Debugger is active!
Sat, 29 Jul 2017 03:35:07 _internal.py[line:87] INFO  * Debugger pin code: 207-132-477
Sat, 29 Jul 2017 03:35:10 _internal.py[line:87] INFO 127.0.0.1 - - [29/Jul/2017 03:35:10] "GET /api_v1/user HTTP/1.1" 200 -
Sat, 29 Jul 2017 03:35:43 _internal.py[line:87] INFO  * Detected change in '/Users/dengxiangyu/dengxiangyu/flask/publisher/app/models.py', reloading
Sat, 29 Jul 2017 03:35:43 _internal.py[line:87] INFO  * Restarting with stat
Sat, 29 Jul 2017 03:35:43 _internal.py[line:87] WARNING  * Debugger is active!
Sat, 29 Jul 2017 03:35:43 _internal.py[line:87] INFO  * Debugger pin code: 207-132-477
Sat, 29 Jul 2017 03:35:45 _internal.py[line:87] INFO 127.0.0.1 - - [29/Jul/2017 03:35:45] "GET /api_v1/user HTTP/1.1" 200 -
Sat, 29 Jul 2017 03:35:49 _internal.py[line:87] INFO  * Detected change in '/Users/dengxiangyu/dengxiangyu/flask/publisher/app/models.py', reloading
Sat, 29 Jul 2017 03:35:49 _internal.py[line:87] INFO  * Restarting with stat
Sat, 29 Jul 2017 03:35:50 _internal.py[line:87] WARNING  * Debugger is active!
Sat, 29 Jul 2017 03:35:50 _internal.py[line:87] INFO  * Debugger pin code: 207-132-477
Sat, 29 Jul 2017 03:35:52 _internal.py[line:87] INFO 127.0.0.1 - - [29/Jul/2017 03:35:52] "GET /api_v1/user HTTP/1.1" 403 -
Sat, 29 Jul 2017 03:35:57 _internal.py[line:87] INFO  * Detected change in '/Users/dengxiangyu/dengxiangyu/flask/publisher/app/models.py', reloading
Sat, 29 Jul 2017 03:35:57 _internal.py[line:87] INFO  * Restarting with stat
Sat, 29 Jul 2017 03:35:57 _internal.py[line:87] WARNING  * Debugger is active!
Sat, 29 Jul 2017 03:35:57 _internal.py[line:87] INFO  * Debugger pin code: 207-132-477
Sat, 29 Jul 2017 03:36:16 _internal.py[line:87] INFO  * Detected change in '/Users/dengxiangyu/dengxiangyu/flask/publisher/app/models.py', reloading
Sat, 29 Jul 2017 03:36:16 _internal.py[line:87] INFO  * Restarting with stat
Sat, 29 Jul 2017 03:36:17 _internal.py[line:87] WARNING  * Debugger is active!
Sat, 29 Jul 2017 03:36:17 _internal.py[line:87] INFO  * Debugger pin code: 207-132-477
Sat, 29 Jul 2017 03:36:22 _internal.py[line:87] INFO 127.0.0.1 - - [29/Jul/2017 03:36:22] "GET /api_v1/user HTTP/1.1" 200 -
Sat, 29 Jul 2017 03:37:32 _internal.py[line:87] INFO  * Detected change in '/Users/dengxiangyu/dengxiangyu/flask/publisher/app/models.py', reloading
Sat, 29 Jul 2017 03:37:32 _internal.py[line:87] INFO  * Restarting with stat
Sat, 29 Jul 2017 03:37:33 _internal.py[line:87] WARNING  * Debugger is active!
Sat, 29 Jul 2017 03:37:33 _internal.py[line:87] INFO  * Debugger pin code: 207-132-477
Sat, 29 Jul 2017 03:37:35 _internal.py[line:87] INFO 127.0.0.1 - - [29/Jul/2017 03:37:35] "GET /api_v1/user HTTP/1.1" 500 -
Sat, 29 Jul 2017 03:38:13 _internal.py[line:87] INFO  * Detected change in '/Users/dengxiangyu/dengxiangyu/flask/publisher/app/models.py', reloading
Sat, 29 Jul 2017 03:38:13 _internal.py[line:87] INFO  * Restarting with stat
Sat, 29 Jul 2017 03:38:13 _internal.py[line:87] WARNING  * Debugger is active!
Sat, 29 Jul 2017 03:38:13 _internal.py[line:87] INFO  * Debugger pin code: 207-132-477
Sat, 29 Jul 2017 03:38:17 _internal.py[line:87] INFO 127.0.0.1 - - [29/Jul/2017 03:38:17] "GET /api_v1/user HTTP/1.1" 200 -
Sat, 29 Jul 2017 03:38:51 _internal.py[line:87] INFO  * Detected change in '/Users/dengxiangyu/dengxiangyu/flask/publisher/app/models.py', reloading
Sat, 29 Jul 2017 03:38:51 _internal.py[line:87] INFO  * Restarting with stat
Sat, 29 Jul 2017 03:38:51 _internal.py[line:87] WARNING  * Debugger is active!
Sat, 29 Jul 2017 03:38:51 _internal.py[line:87] INFO  * Debugger pin code: 207-132-477
Sat, 29 Jul 2017 03:38:55 _internal.py[line:87] INFO 127.0.0.1 - - [29/Jul/2017 03:38:55] "GET /api_v1/user HTTP/1.1" 500 -
Sat, 29 Jul 2017 03:40:54 _internal.py[line:87] INFO  * Detected change in '/Users/dengxiangyu/dengxiangyu/flask/publisher/app/models.py', reloading
Sat, 29 Jul 2017 03:40:54 _internal.py[line:87] INFO  * Restarting with stat
Sat, 29 Jul 2017 03:40:55 _internal.py[line:87] WARNING  * Debugger is active!
Sat, 29 Jul 2017 03:40:55 _internal.py[line:87] INFO  * Debugger pin code: 207-132-477
Sat, 29 Jul 2017 03:40:57 _internal.py[line:87] INFO 127.0.0.1 - - [29/Jul/2017 03:40:57] "GET /api_v1/user HTTP/1.1" 500 -
Sat, 29 Jul 2017 03:42:17 _internal.py[line:87] INFO  * Detected change in '/Users/dengxiangyu/dengxiangyu/flask/publisher/app/models.py', reloading
Sat, 29 Jul 2017 03:42:18 _internal.py[line:87] INFO  * Restarting with stat
Sat, 29 Jul 2017 03:42:18 _internal.py[line:87] WARNING  * Debugger is active!
Sat, 29 Jul 2017 03:42:18 _internal.py[line:87] INFO  * Debugger pin code: 207-132-477
Sat, 29 Jul 2017 03:42:20 _internal.py[line:87] INFO 127.0.0.1 - - [29/Jul/2017 03:42:20] "GET /api_v1/user HTTP/1.1" 200 -
Sat, 29 Jul 2017 03:44:19 _internal.py[line:87] INFO 127.0.0.1 - - [29/Jul/2017 03:44:19] "GET /api_v1/user HTTP/1.1" 200 -
Sat, 29 Jul 2017 03:44:32 _internal.py[line:87] INFO  * Detected change in '/Users/dengxiangyu/dengxiangyu/flask/publisher/app/models.py', reloading
Sat, 29 Jul 2017 03:44:32 _internal.py[line:87] INFO  * Restarting with stat
Sat, 29 Jul 2017 03:44:33 _internal.py[line:87] WARNING  * Debugger is active!
Sat, 29 Jul 2017 03:44:33 _internal.py[line:87] INFO  * Debugger pin code: 207-132-477
Sat, 29 Jul 2017 03:44:34 _internal.py[line:87] INFO 127.0.0.1 - - [29/Jul/2017 03:44:34] "GET /api_v1/user HTTP/1.1" 403 -
Sat, 29 Jul 2017 03:44:44 _internal.py[line:87] INFO 127.0.0.1 - - [29/Jul/2017 03:44:44] "GET /api_v1/user HTTP/1.1" 200 -
